[14:57:58] [main/INFO]: Loading Minecraft 1.21.1 with Fabric Loader 0.16.3
[14:57:59] [main/WARN]: Warnings were found!
 - Mod 'Dynamic Lights' (dynamiclights) 1.8.3+mod recommends any version of modmenu, which is missing!
	 - You should install any version of modmenu for the optimal experience.
 - Mod 'Dynamic Lights' (dynamiclights) 1.8.3+mod recommends any version of modmenu-badges-lib, which is missing!
	 - You should install any version of modmenu-badges-lib for the optimal experience.
 - Mod 'Dynamic Lights' (dynamiclights) 1.8.3+mod recommends any version of midnightlib, which is missing!
	 - You should install any version of midnightlib for the optimal experience.
[14:57:59] [main/INFO]: Loading 59 mods:
	- collective 7.84
	- dynamiclights 1.8.3+mod
	- fabric-api 0.103.0+1.21.1
	   |-- fabric-api-base 0.4.42+6573ed8c19
	   |-- fabric-api-lookup-api-v1 1.6.68+b559734419
	   |-- fabric-biome-api-v1 13.0.29+5bd9f1bc19
	   |-- fabric-block-api-v1 1.0.22+0af3f5a719
	   |-- fabric-block-view-api-v2 1.0.10+6573ed8c19
	   |-- fabric-blockrenderlayer-v1 1.1.52+0af3f5a719
	   |-- fabric-client-tags-api-v1 1.1.15+6573ed8c19
	   |-- fabric-command-api-v1 1.2.49+f71b366f19
	   |-- fabric-command-api-v2 2.2.28+6ced4dd919
	   |-- fabric-commands-v0 0.2.66+df3654b319
	   |-- fabric-content-registries-v0 8.0.16+b559734419
	   |-- fabric-convention-tags-v1 2.0.21+7f945d5b19
	   |-- fabric-convention-tags-v2 2.6.1+9b16164119
	   |-- fabric-crash-report-info-v1 0.2.29+0af3f5a719
	   |-- fabric-data-attachment-api-v1 1.1.28+1daea21519
	   |-- fabric-data-generation-api-v1 20.2.18+16c4ae2519
	   |-- fabric-dimensions-v1 4.0.0+6fc22b9919
	   |-- fabric-entity-events-v1 1.7.0+2122d82819
	   |-- fabric-events-interaction-v0 0.7.12+ba9dae0619
	   |-- fabric-game-rule-api-v1 1.0.53+6ced4dd919
	   |-- fabric-item-api-v1 11.0.0+afdfc92119
	   |-- fabric-item-group-api-v1 4.1.5+3fc0e55219
	   |-- fabric-key-binding-api-v1 1.0.47+0af3f5a719
	   |-- fabric-keybindings-v0 0.2.45+df3654b319
	   |-- fabric-lifecycle-events-v1 2.3.12+6c1df36019
	   |-- fabric-loot-api-v2 3.0.14+3f89f5a519
	   |-- fabric-loot-api-v3 1.0.2+3f89f5a519
	   |-- fabric-message-api-v1 6.0.13+6573ed8c19
	   |-- fabric-model-loading-api-v1 2.0.0+fe474d6b19
	   |-- fabric-networking-api-v1 4.2.2+60c3209b19
	   |-- fabric-object-builder-api-v1 15.2.0+40875a9319
	   |-- fabric-particles-v1 4.0.2+6573ed8c19
	   |-- fabric-recipe-api-v1 5.0.12+6508971219
	   |-- fabric-registry-sync-v0 5.1.2+60c3209b19
	   |-- fabric-renderer-api-v1 3.4.0+c705a49c19
	   |-- fabric-renderer-indigo 1.7.0+c705a49c19
	   |-- fabric-renderer-registries-v1 3.2.68+df3654b319
	   |-- fabric-rendering-data-attachment-v1 0.3.48+73761d2e19
	   |-- fabric-rendering-fluids-v1 3.1.6+1daea21519
	   |-- fabric-rendering-v0 1.1.71+df3654b319
	   |-- fabric-rendering-v1 5.0.5+df16efd019
	   |-- fabric-resource-conditions-api-v1 4.3.0+8dc279b119
	   |-- fabric-resource-loader-v0 1.3.0+5659912919
	   |-- fabric-screen-api-v1 2.0.25+8b68f1c719
	   |-- fabric-screen-handler-api-v1 1.3.86+b559734419
	   |-- fabric-sound-api-v1 1.0.23+6573ed8c19
	   |-- fabric-transfer-api-v1 5.1.17+1db1cc1f19
	   \-- fabric-transitive-access-wideners-v1 6.1.0+1daea21519
	- fabric-language-kotlin 1.12.1+kotlin.2.0.20
	   |-- org_jetbrains_kotlin_kotlin-reflect 2.0.20
	   |-- org_jetbrains_kotlin_kotlin-stdlib 2.0.20
	   |-- org_jetbrains_kotlin_kotlin-stdlib-jdk7 2.0.20
	   |-- org_jetbrains_kotlin_kotlin-stdlib-jdk8 2.0.20
	   |-- org_jetbrains_kotlinx_atomicfu-jvm 0.25.0
	   |-- org_jetbrains_kotlinx_kotlinx-coroutines-core-jvm 1.8.1
	   |-- org_jetbrains_kotlinx_kotlinx-coroutines-jdk8 1.8.1
	   |-- org_jetbrains_kotlinx_kotlinx-datetime-jvm 0.6.1
	   |-- org_jetbrains_kotlinx_kotlinx-io-bytestring-jvm 0.5.3
	   |-- org_jetbrains_kotlinx_kotlinx-io-core-jvm 0.5.3
	   |-- org_jetbrains_kotlinx_kotlinx-serialization-cbor-jvm 1.7.1
	   |-- org_jetbrains_kotlinx_kotlinx-serialization-core-jvm 1.7.1
	   \-- org_jetbrains_kotlinx_kotlinx-serialization-json-jvm 1.7.1
	- fabricloader 0.16.3
	   \-- mixinextras 0.4.1
	- java 21
	- lithium 0.13.0
	- minecraft 1.21.1
	- treeharvester 9.1
[14:57:59] [main/INFO]: SpongePowered MIXIN Subsystem Version=0.8.7 Source=file:/workspaces/mc21lux/libraries/net/fabricmc/sponge-mixin/0.15.2+mixin.0.8.7/sponge-mixin-0.15.2+mixin.0.8.7.jar Service=Knot/Fabric Env=SERVER
[14:57:59] [main/INFO]: Compatibility level set to JAVA_21
[14:57:59] [main/INFO]: Loaded configuration file for Lithium: 144 options available, 0 override(s) found
[14:58:01] [main/INFO]: Initializing MixinExtras via com.llamalad7.mixinextras.service.MixinExtrasServiceImpl(version=0.4.1).
[14:58:12] [main/INFO]: Loading Collective version 7.84.
[14:58:13] [main/INFO]: [Dynamic Lights] Loaded Dynamic Lights by Tschipcraft successfully!
[14:58:13] [main/WARN]: resource-pack-id missing, using default of f3b5718d-c70d-3c94-a2df-fa24ea10c3e7
[14:58:13] [main/INFO]: Environment: Environment[sessionHost=https://sessionserver.mojang.com, servicesHost=https://api.minecraftservices.com, name=PROD]
[14:58:17] [main/INFO]: Loaded 1290 recipes
[14:58:17] [main/INFO]: Loaded 1400 advancements
[14:58:18] [main/INFO]: Applied 0 biome modifications to 0 of 64 new biomes in 1.464 ms
[14:58:18] [Server thread/INFO]: Starting minecraft server version 1.21.1
[14:58:18] [Server thread/INFO]: Loading properties
[14:58:18] [Server thread/INFO]: Default game type: SURVIVAL
[14:58:18] [Server thread/INFO]: Generating keypair
[14:58:18] [Server thread/INFO]: Starting Minecraft server on *:25565
[14:58:18] [Server thread/INFO]: Using epoll channel type
[14:58:18] [Server thread/INFO]: Preparing level "world"
[14:58:27] [Server thread/INFO]: Preparing start region for dimension minecraft:overworld
[14:58:27] [Worker-Main-1/INFO]: Preparing spawn area: 0%
[14:58:27] [Worker-Main-1/INFO]: Preparing spawn area: 0%
[14:58:28] [Server thread/INFO]: Time elapsed: 1005 ms
[14:58:28] [Server thread/INFO]: Done (9.353s)! For help, type "help"
[14:59:17] [User Authenticator #1/INFO]: UUID of player iniDarren is 1e67d390-353c-4fc3-ba92-cb7bd538efa2
[14:59:21] [Server thread/INFO]: iniDarren[/127.83.112.4:59247] logged in with entity id 134 at (588.6901678203793, -47.0, -211.13633449349487)
[14:59:22] [Server thread/INFO]: iniDarren joined the game
[14:59:28] [Server thread/WARN]: Can't keep up! Is the server overloaded? Running 2090ms or 41 ticks behind
[14:59:58] [Server thread/INFO]: iniDarren lost connection: Disconnected
[14:59:58] [Server thread/INFO]: iniDarren left the game
[15:00:21] [Server thread/INFO]: iniDarren (/127.83.112.4:51881) lost connection: Disconnected
[15:00:28] [User Authenticator #2/INFO]: UUID of player KaptenZ is 77553233-86dc-49cf-8f8e-af729c70fffb
[15:00:29] [Server thread/INFO]: iniDarren (/127.83.112.4:35313) lost connection: Disconnected
[15:00:30] [Server thread/INFO]: KaptenZ[/127.75.112.163:48083] logged in with entity id 964 at (590.0545585649371, -51.5, -216.71711380136804)
[15:00:30] [Server thread/INFO]: KaptenZ joined the game
[15:00:33] [User Authenticator #3/INFO]: UUID of player iniDarren is 1e67d390-353c-4fc3-ba92-cb7bd538efa2
[15:00:36] [Server thread/INFO]: iniDarren[/127.83.112.4:38823] logged in with entity id 1359 at (611.583613367051, -47.0, -208.30000001192093)
[15:00:36] [Server thread/INFO]: iniDarren joined the game
[15:04:50] [User Authenticator #4/INFO]: UUID of player DewaYoGamer is af92beee-9ce5-4143-8362-6019591fc3bf
[15:04:53] [Server thread/INFO]: DewaYoGamer[/127.157.166.162:32969] logged in with entity id 5252 at (591.5681654531318, -47.0, -210.10294242993152)
[15:04:53] [Server thread/INFO]: DewaYoGamer joined the game
[15:04:58] [Server thread/WARN]: Failed to update secure chat state for iniDarren: 'Chat disabled due to missing profile public key. Please try reconnecting.'
[15:05:08] [Server thread/WARN]: Failed to update secure chat state for iniDarren: 'Chat disabled due to missing profile public key. Please try reconnecting.'
[15:05:33] [Server thread/INFO]: <KaptenZ> ping mapnya berubah lagi
[15:05:38] [Server thread/INFO]: <KaptenZ> asu
[15:05:59] [Server thread/INFO]: iniDarren lost connection: Disconnected
[15:05:59] [Server thread/INFO]: iniDarren left the game
[15:06:12] [Server thread/INFO]: DewaYoGamer lost connection: Disconnected
[15:06:12] [Server thread/INFO]: DewaYoGamer left the game
[15:06:42] [User Authenticator #5/INFO]: UUID of player DewaYoGamer is af92beee-9ce5-4143-8362-6019591fc3bf
[15:06:44] [Server thread/INFO]: DewaYoGamer[/127.157.166.162:41985] logged in with entity id 6854 at (592.514170276043, -47.0, -211.69999998807907)
[15:06:44] [Server thread/INFO]: DewaYoGamer joined the game
[15:06:51] [Server thread/INFO]: KaptenZ lost connection: Disconnected
[15:06:51] [Server thread/INFO]: KaptenZ left the game
[15:07:44] [User Authenticator #6/INFO]: UUID of player KaptenZ is 77553233-86dc-49cf-8f8e-af729c70fffb
[15:07:45] [Server thread/INFO]: KaptenZ[/127.75.112.163:51381] logged in with entity id 7111 at (623.6999999880791, -47.0, -211.63873225014314)
[15:07:45] [Server thread/INFO]: KaptenZ joined the game
[15:07:52] [Server thread/INFO]: iniDarren (/127.83.112.4:59119) lost connection: Disconnected
[15:07:58] [Server thread/INFO]: iniDarren (/127.83.112.4:41431) lost connection: Disconnected
[15:08:10] [User Authenticator #7/INFO]: UUID of player iniDarren is 1e67d390-353c-4fc3-ba92-cb7bd538efa2
[15:08:14] [Server thread/INFO]: iniDarren[/127.83.112.4:38923] logged in with entity id 7521 at (590.5379471715522, -51.5, -218.93670070704604)
[15:08:14] [Server thread/INFO]: iniDarren joined the game
[15:23:10] [Server thread/WARN]: KaptenZ moved too quickly! 9.506647333317233,0.0,3.216028184052675
[15:45:58] [Server thread/INFO]: iniDarren has made the advancement [Crafting a New Look]
[16:01:16] [Server thread/INFO]: Villager class_1646['Librarian'/123, l='ServerLevel[world]', x=617.50, y=-47.00, z=-206.70] died, message: 'Librarian burned to death'
[16:13:50] [Server thread/INFO]: iniDarren has made the advancement [A Terrible Fortress]
[16:13:53] [Server thread/INFO]: DewaYoGamer has made the advancement [A Terrible Fortress]
[16:18:58] [Server thread/INFO]: Villager class_1646['Librarian'/124, l='ServerLevel[world]', x=619.50, y=-47.00, z=-206.70] died, message: 'Librarian burned to death'
[16:20:07] [Server thread/INFO]: DewaYoGamer has made the advancement [Into Fire]
[16:21:18] [Server thread/INFO]: iniDarren has made the advancement [Into Fire]
[16:26:23] [Server thread/INFO]: <iniDarren> xaero-waypoint:Blaze:B:-617:64:-137:12:false:0:Internal-the-nether-waypoints
[16:38:57] [Server thread/INFO]: KaptenZ lost connection: Disconnected
[16:38:57] [Server thread/INFO]: KaptenZ left the game
[16:42:25] [Server thread/INFO]: <DewaYoGamer> xaero-waypoint:Blaze:B:-713:59:-163:6:false:0:Internal-the-nether-waypoints
[16:58:24] [Server thread/INFO]: iniDarren lost connection: Timed out
[16:58:24] [Server thread/INFO]: iniDarren left the game
[16:58:24] [Server thread/WARN]: handleDisconnection() called twice
[17:00:40] [User Authenticator #8/INFO]: UUID of player iniDarren is 1e67d390-353c-4fc3-ba92-cb7bd538efa2
[17:00:42] [Server thread/INFO]: iniDarren[/127.83.112.4:40645] logged in with entity id 135916 at (615.5, -47.4125, -213.50999999046326)
[17:00:42] [Server thread/INFO]: iniDarren joined the game
[17:01:30] [Server thread/INFO]: iniDarren lost connection: Disconnected
[17:01:30] [Server thread/INFO]: iniDarren left the game
[17:02:01] [User Authenticator #9/INFO]: UUID of player iniDarren is 1e67d390-353c-4fc3-ba92-cb7bd538efa2
[17:02:03] [Server thread/INFO]: iniDarren[/127.83.112.4:33575] logged in with entity id 136618 at (590.8298182950855, -50.5, -216.68592221527035)
[17:02:04] [Server thread/INFO]: iniDarren joined the game
[17:12:06] [Server thread/INFO]: iniDarren lost connection: Disconnected
[17:12:06] [Server thread/INFO]: iniDarren left the game
[17:15:33] [Server thread/INFO]: DewaYoGamer lost connection: Disconnected
[17:15:33] [Server thread/INFO]: DewaYoGamer left the game
[17:16:38] [User Authenticator #10/INFO]: UUID of player iniDarren is 1e67d390-353c-4fc3-ba92-cb7bd538efa2
[17:16:42] [Server thread/INFO]: iniDarren[/127.83.112.4:50941] logged in with entity id 145116 at (386.0057299165218, 114.0, -188.69999998807907)
[17:16:42] [Server thread/INFO]: iniDarren joined the game
[17:16:53] [User Authenticator #11/INFO]: UUID of player DewaYoGamer is af92beee-9ce5-4143-8362-6019591fc3bf
[17:16:55] [Server thread/INFO]: DewaYoGamer[/127.157.166.162:36485] logged in with entity id 145832 at (595.3975725457312, -52.0, -220.62639462063754)
[17:16:55] [Server thread/INFO]: DewaYoGamer joined the game
[18:07:45] [Server thread/WARN]: DewaYoGamer moved wrongly!
[18:07:45] [Server thread/WARN]: DewaYoGamer moved wrongly!
[18:30:01] [Server thread/WARN]: iniDarren moved wrongly!
[18:30:03] [Server thread/WARN]: iniDarren moved wrongly!
[18:37:28] [Server thread/INFO]: iniDarren lost connection: Disconnected
[18:37:28] [Server thread/INFO]: iniDarren left the game
[20:16:35] [Server thread/INFO]: DewaYoGamer lost connection: Disconnected
[20:16:35] [Server thread/INFO]: DewaYoGamer left the game
